pdcc01-esp1.mso.mci.com
axanumul:x:118:10:anuradha.x.anumula:/home/axanumul:/bin/bash
axnaraya:x:120:10:anandalakshmi.narayanan:/home/axnaraya:/bin/bash
krkarana:x:122:10:kirankumar.r.karanam:/home/krkarana:/bin/bash
kxsriniv:x:123:10:karthik.srinivasan1:/home/kxsriniv:/bin/bash
mcanumal:x:129:10:mani.c.anumalasetty:/home/mcanumal:/bin/bash
rxvenkat:x:131:10:Raghavendra.X.Venkatakrishnan:/home/rxvenkat:/bin/bash
yxmanchi:x:144:10:yoganandam.x.manchikanti:/home/yxmanchi:/bin/bash
zsmohamm:x:145:10:zubeda.s.mohammed:/home/zsmohamm:/bin/bash
--------------------------------------------------------------------------------
pdcc01-espws1.mso.mci.com
axanumul:x:109:10:anuradha.x.anumula:/home/axanumul:/bin/bash
mcanumal:x:113:10:mani.c.anumalasetty:/home/mcanumal:/bin/bash
rxvenkat:x:116:10:Raghavendra.X.Venkatakrishnan:/home/rxvenkat:/bin/bash
yxmanchi:x:121:10:yoganandam.x.manchikanti:/home/yxmanchi:/bin/bash
zsmohamm:x:122:10:zubeda.s.mohammed:/home/zsmohamm:/bin/bash
--------------------------------------------------------------------------------
ndcc01-espwsb1.mso.mci.com
jxdidla:x:65538:10:jayaraju.x.didla:/home/jxdidla:/bin/bash
krkarana:x:65539:10:kirankumar.r.karanam:/home/krkarana:/bin/bash
kxsriniv:x:65540:10:karthik.srinivasan1:/home/kxsriniv:/bin/bash
mcanumal:x:65541:10:mani.c.anumalasetty:/home/mcanumal:/bin/bash
rxvenkat:x:65542:10:Raghavendra.X.Venkatakrishnan:/home/rxvenkat:/bin/bash
yxmanchi:x:65544:10:yoganandam.x.manchikanti:/home/yxmanchi:/bin/bash
zsmohamm:x:65545:10:zubeda.s.mohammed:/home/zsmohamm:/bin/bash
--------------------------------------------------------------------------------
pdcc01-esp1a.mso.mci.com
axanumul:x:106:10:anuradha.x.anumula:/home/axanumul:/bin/bash
axnaraya:x:107:10:anandalakshmi.narayanan:/home/axnaraya:/bin/bash
jxdidla:x:123:10:jayaraju.x.didla:/home/jxdidla:/bin/bash
krkarana:x:125:10:kirankumar.r.karanam:/home/krkarana:/bin/bash
kxsriniv:x:126:10:karthik.srinivasan1:/home/kxsriniv:/bin/bash
mcanumal:x:127:10:mani.c.anumalasetty:/home/mcanumal:/bin/bash
rxvenkat:x:128:10:Raghavendra.X.Venkatakrishnan:/home/rxvenkat:/bin/bash
yxmanchi:x:135:10:yoganandam.x.manchikanti:/home/yxmanchi:/bin/bash
zsmohamm:x:140:10:zubeda.s.mohammed:/home/zsmohamm:/bin/bash
--------------------------------------------------------------------------------
ndcc01-esp1b.mso.mci.com
axanumul:x:65537:10:anuradha.x.anumula:/home/axanumul:/bin/bash
axnaraya:x:65538:10:anandalakshmi.narayanan:/home/axnaraya:/bin/bash
jxdidla:x:65540:10:jayaraju.x.didla:/home/jxdidla:/bin/bash
krkarana:x:65541:10:kirankumar.r.karanam:/home/krkarana:/bin/bash
kxsriniv:x:65542:10:karthik.srinivasan1:/home/kxsriniv:/bin/bash
mcanumal:x:65543:10:mani.c.anumalasetty:/home/mcanumal:/bin/bash
rxvenkat:x:65544:10:Raghavendra.X.Venkatakrishnan:/home/rxvenkat:/bin/bash
yxmanchi:x:65546:10:yoganandam.x.manchikanti:/home/yxmanchi:/bin/bash
zsmohamm:x:65547:10:zubeda.s.mohammed:/home/zsmohamm:/bin/bash
--------------------------------------------------------------------------------
pdcc01-esp1.mso.mci.com
axanumul:x:118:10:anuradha.x.anumula:/home/axanumul:/bin/bash
axnaraya:x:120:10:anandalakshmi.narayanan:/home/axnaraya:/bin/bash
krkarana:x:122:10:kirankumar.r.karanam:/home/krkarana:/bin/bash
kxsriniv:x:123:10:karthik.srinivasan1:/home/kxsriniv:/bin/bash
mcanumal:x:129:10:mani.c.anumalasetty:/home/mcanumal:/bin/bash
rxvenkat:x:131:10:Raghavendra.X.Venkatakrishnan:/home/rxvenkat:/bin/bash
yxmanchi:x:144:10:yoganandam.x.manchikanti:/home/yxmanchi:/bin/bash
zsmohamm:x:145:10:zubeda.s.mohammed:/home/zsmohamm:/bin/bash
--------------------------------------------------------------------------------
ndcc01-esp2.mso.mci.com
axanumul:x:117:10:anuradha.x.anumula:/home/axanumul:/bin/bash
axnaraya:x:118:10:anandalakshmi.narayanan:/home/axnaraya:/bin/bash
jxdidla:x:127:10:jayaraju.x.didla:/home/jxdidla:/bin/bash
krkarana:x:129:10:kirankumar.r.karanam:/home/krkarana:/bin/bash
kxsriniv:x:131:10:karthik.srinivasan1:/home/kxsriniv:/bin/bash
mcanumal:x:140:10:mani.c.anumalasetty:/home/mcanumal:/bin/bash
rxvenkat:x:141:10:Raghavendra.X.Venkatakrishnan:/home/rxvenkat:/bin/bash
yxmanchi:x:143:10:yoganandam.x.manchikanti:/home/yxmanchi:/bin/bash
zsmohamm:x:144:10:zubeda.s.mohammed:/home/zsmohamm:/bin/bash
--------------------------------------------------------------------------------
ndcc01-esp3.mso.mci.com
axanumul:x:65537:10:anuradha.x.anumula:/home/axanumul:/bin/bash
axnaraya:x:65538:10:anandalakshmi.narayanan:/home/axnaraya:/bin/bash
jxdidla:x:65540:10:jayaraju.x.didla:/home/jxdidla:/bin/bash
krkarana:x:65541:10:kirankumar.r.karanam:/home/krkarana:/bin/bash
kxsriniv:x:65542:10:karthik.srinivasan1:/home/kxsriniv:/bin/bash
mcanumal:x:65543:10:mani.c.anumalasetty:/home/mcanumal:/bin/bash
rxvenkat:x:65544:10:Raghavendra.X.Venkatakrishnan:/home/rxvenkat:/bin/bash
--------------------------------------------------------------------------------
pdcc02-esp5.mso.mci.com
Sun Microsystems Inc.	SunOS 5.10	Generic	January 2005

     Authorized access for Verizon Business employees only


NOTICE - PROPRIETARY SYSTEM
This system is intended to be used solely by authorized users in the course of
legitimate corporate business. Users are monitored to the extent necessary
to properly administer the system, to identify unauthorized users or users
operating beyond their proper authority, and to investigate improper access
or use. By accessing this system, you are consenting to this monitoring.

--------------------------------------------------------------------------------
ndcc02-esp6.mso.mci.com
--------------------------------------------------------------------------------
pdcc02-espws3.mso.mci.com
Sun Microsystems Inc.	SunOS 5.10	Generic	January 2005

     Authorized access for Verizon Business employees only


NOTICE - PROPRIETARY SYSTEM
This system is intended to be used solely by authorized users in the course of
legitimate corporate business. Users are monitored to the extent necessary
to properly administer the system, to identify unauthorized users or users
operating beyond their proper authority, and to investigate improper access
or use. By accessing this system, you are consenting to this monitoring.

--------------------------------------------------------------------------------
ndcc02-espws4.mso.mci.com
--------------------------------------------------------------------------------
pdcc01-espws2.mso.mci.com
axanumul:x:65537:10:anuradha.x.anumula:/home/axanumul:/bin/bash
axnaraya:x:65538:10:anandalakshmi.narayanan:/home/axnaraya:/bin/bash
jxdidla:x:65540:10:jayaraju.x.didla:/home/jxdidla:/bin/bash
krkarana:x:65541:10:kirankumar.r.karanam:/home/krkarana:/bin/bash
kxsriniv:x:65542:10:karthik.srinivasan1:/home/kxsriniv:/bin/bash
mcanumal:x:65543:10:mani.c.anumalasetty:/home/mcanumal:/bin/bash
rxvenkat:x:65544:10:Raghavendra.X.Venkatakrishnan:/home/rxvenkat:/bin/bash
yxmanchi:x:65546:10:yoganandam.x.manchikanti:/home/yxmanchi:/bin/bash
zsmohamm:x:65547:10:zubeda.s.mohammed:/home/zsmohamm:/bin/bash
--------------------------------------------------------------------------------
ndcc01-espwsb2.mso.mci.com
axanumul:x:65537:10:anuradha.x.anumula:/home/axanumul:/bin/bash
axnaraya:x:65538:10:anandalakshmi.narayanan:/home/axnaraya:/bin/bash
jxdidla:x:65540:10:jayaraju.x.didla:/home/jxdidla:/bin/bash
krkarana:x:65541:10:kirankumar.r.karanam:/home/krkarana:/bin/bash
kxsriniv:x:65542:10:karthik.srinivasan1:/home/kxsriniv:/bin/bash
mcanumal:x:65543:10:mani.c.anumalasetty:/home/mcanumal:/bin/bash
rxvenkat:x:65544:10:Raghavendra.X.Venkatakrishnan:/home/rxvenkat:/bin/bash
yxmanchi:x:65546:10:yoganandam.x.manchikanti:/home/yxmanchi:/bin/bash
zsmohamm:x:65547:10:zubeda.s.mohammed:/home/zsmohamm:/bin/bash
--------------------------------------------------------------------------------
pdci01-espca1.mso.mci.com
--------------------------------------------------------------------------------
pdci01-espca3.mso.mci.com
Sun Microsystems Inc.	SunOS 5.10	Generic	January 2005

     Authorized access for Verizon Business employees only


--------------------------------------------------------------------------------
