esptd6
Sun Microsystems Inc.	SunOS 5.10	Generic	January 2005

     Authorized access for Verizon Business employees only


axanumul:x:109:10:anuradha.x.anumula:/home/axanumul:/bin/bash
axnaraya:x:110:10:anandalakshmi.narayanan:/home/axnaraya:/bin/bash
jxdidla:x:113:10:jayaraju.x.didla:/home/jxdidla:/bin/bash
krkarana:x:118:10:kirankumar.r.karanam:/home/krkarana:/bin/bash
kxsriniv:x:120:10:karthik.srinivasan1:/home/kxsriniv:/bin/bash
mcanumal:x:123:10:mani.c.anumalasetty:/home/mcanumal:/bin/bash
rxvenkat:x:124:10:Raghavendra.X.Venkatakrishnan:/home/rxvenkat:/bin/bash
yxmanchi:x:126:10:yoganandam.x.manchikanti:/home/yxmanchi:/bin/bash
zsmohamm:x:127:10:zubeda.s.mohammed:/home/zsmohamm:/bin/bash
--------------------------------------------------------------------------------
esptd7
Sun Microsystems Inc.	SunOS 5.10	Generic	January 2005

     Authorized access for Verizon Business employees only


axanumul:x:120:10:anuradha.x.anumula:/home/axanumul:/bin/bash
axnaraya:x:121:10:anandalakshmi.narayanan:/home/axnaraya:/bin/bash
jxdidla:x:125:10:jayaraju.x.didla:/home/jxdidla:/bin/bash
krkarana:x:126:10:kirankumar.r.karanam:/home/krkarana:/bin/bash
kxsriniv:x:127:10:karthik.srinivasan1:/home/kxsriniv:/bin/bash
mcanumal:x:128:10:mani.c.anumalasetty:/home/mcanumal:/bin/bash
rxvenkat:x:135:10:Raghavendra.X.Venkatakrishnan:/home/rxvenkat:/bin/bash
yxmanchi:x:139:10:yoganandam.x.manchikanti:/home/yxmanchi:/bin/bash
zsmohamm:x:140:10:zubeda.s.mohammed:/home/zsmohamm:/bin/bash
--------------------------------------------------------------------------------
esptd8
Sun Microsystems Inc.	SunOS 5.10	Generic	January 2005

     Authorized access for Verizon Business employees only


axanumul:x:109:10:anuradha.x.anumula:/home/axanumul:/bin/bash
axnaraya:x:110:10:anandalakshmi.narayanan:/home/axnaraya:/bin/bash
jxdidla:x:113:10:jayaraju.x.didla:/home/jxdidla:/bin/bash
krkarana:x:118:10:kirankumar.r.karanam:/home/krkarana:/bin/bash
kxsriniv:x:121:10:karthik.srinivasan1:/home/kxsriniv:/bin/bash
mcanumal:x:124:10:mani.c.anumalasetty:/home/mcanumal:/bin/bash
rxvenkat:x:125:10:Raghavendra.X.Venkatakrishnan:/home/rxvenkat:/bin/bash
--------------------------------------------------------------------------------
#esptd9
ssh: Could not resolve hostname #esptd9: nodename nor servname provided, or not known
--------------------------------------------------------------------------------
esptd10
Sun Microsystems Inc.	SunOS 5.10	Generic	January 2005

     Authorized access for Verizon Business employees only


axanumul:x:120:10:anuradha.x.anumula:/home/axanumul:/bin/bash
axnaraya:x:121:10:anandalakshmi.narayanan:/home/axnaraya:/bin/bash
jxdidla:x:125:10:jayaraju.x.didla:/home/jxdidla:/bin/bash
krkarana:x:126:10:kirankumar.r.karanam:/home/krkarana:/bin/bash
kxsriniv:x:127:10:karthik.srinivasan1:/home/kxsriniv:/bin/bash
mcanumal:x:128:10:mani.c.anumalasetty:/home/mcanumal:/bin/bash
rxvenkat:x:135:10:Raghavendra.X.Venkatakrishnan:/home/rxvenkat:/bin/bash
yxmanchi:x:139:10:yoganandam.x.manchikanti:/home/yxmanchi:/bin/bash
zsmohamm:x:140:10:zubeda.s.mohammed:/home/zsmohamm:/bin/bash
--------------------------------------------------------------------------------
esptd11
Sun Microsystems Inc.	SunOS 5.10	Generic	January 2005

     Authorized access for Verizon Business employees only


axanumul:x:1014:800:Anumula, Anuradha:/home/axanumul:/bin/ksh
axnaraya:x:118:10:anandalakshmi.narayanan:/home/axnaraya:/bin/bash
jxdidla:x:1011:800:Didla, Jayaraju:/home/jxdidla:/bin/ksh
krkarana:x:1017:800:Karanam, Kirankumar:/home/krkarana:/bin/ksh
kxsriniv:x:126:10:karthik.srinivasan1:/home/kxsriniv:/bin/bash
mcanumal:x:136:10:mani.c.anumalasetty:/home/mcanumal:/bin/bash
rxvenkat:x:139:10:Raghavendra.X.Venkatakrishnan:/home/rxvenkat:/bin/bash
sbethana:x:124:800:Bethanapally, Sasi:/home/sbethana:/bin/ksh
vereddy1:x:1016:800:Reddy, Venugopal:/home/vereddy1:/bin/ksh
vmchowda:x:1018:800:Chowdary, Vupendranadh:/home/vmchowda:/bin/ksh
yxmanchi:x:120:800:Yoganandam:/home/yxmanchi:/usr/bin/bash
zsmohamm:x:143:10:zubeda.s.mohammed:/home/zsmohamm:/bin/bash
--------------------------------------------------------------------------------
/usr/bin/ssh jainswor@esptd6 "echo "B0b4f377" | sudo -P prtdiag"
(esptd6):  Sun Microsystems Inc.	SunOS 5.10	Generic	January 2005

     Authorized access for Verizon Business employees only


System Configuration:  Sun Microsystems  sun4u Sun Fire V490
System clock frequency: 150 MHz
Memory size: 16384 Megabytes

========================= CPUs ===============================================

          Run   E$  CPU     CPU  
Brd  CPU  MHz   MB  Impl.   Mask 
--- ----- ---- ---- ------- ---- 
 A  0, 16 1500 32.0 US-IV+   2.2
 B  1, 17 1500 32.0 US-IV+   2.2
 A  2, 18 1500 32.0 US-IV+   2.2
 B  3, 19 1500 32.0 US-IV+   2.2

========================= Memory Configuration ===============================

          Logical  Logical  Logical
     MC   Bank     Bank     Bank         DIMM    Interleave  Interleaved
Brd  ID   num      size     Status       Size    Factor      with
---  ---  ----     ------   -----------  ------  ----------  -----------
 A    0     0      1024MB   no_status     512MB     8-way        0
 A    0     1      1024MB   no_status     512MB     8-way        0
 A    0     2      1024MB   no_status     512MB     8-way        0
 A    0     3      1024MB   no_status     512MB     8-way        0
 A    2     0      1024MB   no_status     512MB     8-way        0
 A    2     1      1024MB   no_status     512MB     8-way        0
 A    2     2      1024MB   no_status     512MB     8-way        0
 A    2     3      1024MB   no_status     512MB     8-way        0
 B    1     0      1024MB   no_status     512MB     8-way        1
 B    1     1      1024MB   no_status     512MB     8-way        1
 B    1     2      1024MB   no_status     512MB     8-way        1
 B    1     3      1024MB   no_status     512MB     8-way        1
 B    3     0      1024MB   no_status     512MB     8-way        1
 B    3     1      1024MB   no_status     512MB     8-way        1
 B    3     2      1024MB   no_status     512MB     8-way        1
 B    3     3      1024MB   no_status     512MB     8-way        1

========================= IO Cards =========================

                    Bus  Max
 IO  Port Bus       Freq Bus  Dev,
Type  ID  Side Slot MHz  Freq Func State Name                              Model
---- ---- ---- ---- ---- ---- ---- ----- --------------------------------  ----------------------
PCI   8    B    5    33   33  5,0  ok    pci-pci8086,b154.0/network (netw+ PCI-BRIDGE            
PCI   8    B    5    33   33  0,0  ok    network-pci100b,35.30             SUNW,pci-ce/pci-bridge
PCI   8    B    5    33   33  1,0  ok    network-pci100b,35.30             SUNW,pci-ce/pci-bridge
PCI   8    B    5    33   33  2,0  ok    scsi-pci1000,b.7/disk (block)     device on pci-bridge  
PCI   8    B    5    33   33  2,1  ok    scsi-pci1000,b.7/disk (block)     device on pci-bridge  
PCI   8    A    0    66   66  1,0  ok    lpfc-pci10df,fa00/fp (fp)         LP10000DC             
PCI   8    A    0    66   66  1,1  ok    lpfc-pci10df,fa00/fp (fp)         LP10000DC             
PCI   8    A    1    66   66  2,0  ok    lpfc-pci10df,fa00/fp (fp)         LP10000DC             
PCI   8    A    1    66   66  2,1  ok    lpfc-pci10df,fa00/fp (fp)         LP10000DC             
*********====================*********
/usr/bin/ssh jainswor@esptd7 "echo "B0b4f377" | sudo -P prtdiag"
(esptd7):  Sun Microsystems Inc.	SunOS 5.10	Generic	January 2005

     Authorized access for Verizon Business employees only


Password for jainswor@UU.NET: 
System Configuration:  Sun Microsystems  sun4u Sun Fire V490
System clock frequency: 150 MHz
Memory size: 16384 Megabytes

========================= CPUs ===============================================

          Run   E$  CPU     CPU  
Brd  CPU  MHz   MB  Impl.   Mask 
--- ----- ---- ---- ------- ---- 
 A  0, 16 1500 32.0 US-IV+   2.2
 B  1, 17 1500 32.0 US-IV+   2.2
 A  2, 18 1500 32.0 US-IV+   2.2
 B  3, 19 1500 32.0 US-IV+   2.2

========================= Memory Configuration ===============================

          Logical  Logical  Logical
     MC   Bank     Bank     Bank         DIMM    Interleave  Interleaved
Brd  ID   num      size     Status       Size    Factor      with
---  ---  ----     ------   -----------  ------  ----------  -----------
 A    0     0      1024MB   no_status     512MB     8-way        0
 A    0     1      1024MB   no_status     512MB     8-way        0
 A    0     2      1024MB   no_status     512MB     8-way        0
 A    0     3      1024MB   no_status     512MB     8-way        0
 A    2     0      1024MB   no_status     512MB     8-way        0
 A    2     1      1024MB   no_status     512MB     8-way        0
 A    2     2      1024MB   no_status     512MB     8-way        0
 A    2     3      1024MB   no_status     512MB     8-way        0
 B    1     0      1024MB   no_status     512MB     8-way        1
 B    1     1      1024MB   no_status     512MB     8-way        1
 B    1     2      1024MB   no_status     512MB     8-way        1
 B    1     3      1024MB   no_status     512MB     8-way        1
 B    3     0      1024MB   no_status     512MB     8-way        1
 B    3     1      1024MB   no_status     512MB     8-way        1
 B    3     2      1024MB   no_status     512MB     8-way        1
 B    3     3      1024MB   no_status     512MB     8-way        1

========================= IO Cards =========================

                    Bus  Max
 IO  Port Bus       Freq Bus  Dev,
Type  ID  Side Slot MHz  Freq Func State Name                              Model
---- ---- ---- ---- ---- ---- ---- ----- --------------------------------  ----------------------
PCI   8    B    5    33   33  5,0  ok    pci-pci8086,b154.0/network (netw+ PCI-BRIDGE            
PCI   8    B    5    33   33  0,0  ok    network-pci100b,35.30             SUNW,pci-ce/pci-bridge
PCI   8    B    5    33   33  1,0  ok    network-pci100b,35.30             SUNW,pci-ce/pci-bridge
PCI   8    B    5    33   33  2,0  ok    scsi-pci1000,b.7/disk (block)     device on pci-bridge  
PCI   8    B    5    33   33  2,1  ok    scsi-pci1000,b.7/disk (block)     device on pci-bridge  
PCI   8    A    0    66   66  1,0  ok    lpfc-pci10df,fa00/fp (fp)         LP10000DC             
PCI   8    A    0    66   66  1,1  ok    lpfc-pci10df,fa00/fp (fp)         LP10000DC             
PCI   8    A    1    66   66  2,0  ok    lpfc-pci10df,fa00/fp (fp)         LP10000DC             
PCI   8    A    1    66   66  2,1  ok    lpfc-pci10df,fa00/fp (fp)         LP10000DC             
*********====================*********
/usr/bin/ssh jainswor@esptd8 "echo "B0b4f377" | sudo -P prtdiag"
(esptd8):  Sun Microsystems Inc.	SunOS 5.10	Generic	January 2005

     Authorized access for Verizon Business employees only


Password for jainswor@UU.NET: 
System Configuration:  Sun Microsystems  sun4u Sun Fire V490
System clock frequency: 150 MHz
Memory size: 16384 Megabytes

========================= CPUs ===============================================

          Run   E$  CPU     CPU  
Brd  CPU  MHz   MB  Impl.   Mask 
--- ----- ---- ---- ------- ---- 
 A  0, 16 1500 32.0 US-IV+   2.2
 B  1, 17 1500 32.0 US-IV+   2.2
 A  2, 18 1500 32.0 US-IV+   2.2
 B  3, 19 1500 32.0 US-IV+   2.2

========================= Memory Configuration ===============================

          Logical  Logical  Logical
     MC   Bank     Bank     Bank         DIMM    Interleave  Interleaved
Brd  ID   num      size     Status       Size    Factor      with
---  ---  ----     ------   -----------  ------  ----------  -----------
 A    0     0      1024MB   no_status     512MB     8-way        0
 A    0     1      1024MB   no_status     512MB     8-way        0
 A    0     2      1024MB   no_status     512MB     8-way        0
 A    0     3      1024MB   no_status     512MB     8-way        0
 A    2     0      1024MB   no_status     512MB     8-way        0
 A    2     1      1024MB   no_status     512MB     8-way        0
 A    2     2      1024MB   no_status     512MB     8-way        0
 A    2     3      1024MB   no_status     512MB     8-way        0
 B    1     0      1024MB   no_status     512MB     8-way        1
 B    1     1      1024MB   no_status     512MB     8-way        1
 B    1     2      1024MB   no_status     512MB     8-way        1
 B    1     3      1024MB   no_status     512MB     8-way        1
 B    3     0      1024MB   no_status     512MB     8-way        1
 B    3     1      1024MB   no_status     512MB     8-way        1
 B    3     2      1024MB   no_status     512MB     8-way        1
 B    3     3      1024MB   no_status     512MB     8-way        1

========================= IO Cards =========================

                    Bus  Max
 IO  Port Bus       Freq Bus  Dev,
Type  ID  Side Slot MHz  Freq Func State Name                              Model
---- ---- ---- ---- ---- ---- ---- ----- --------------------------------  ----------------------
PCI   8    B    5    33   33  5,0  ok    pci-pci8086,b154.0/network (netw+ PCI-BRIDGE            
PCI   8    B    5    33   33  0,0  ok    network-pci100b,35.30             SUNW,pci-ce/pci-bridge
PCI   8    B    5    33   33  1,0  ok    network-pci100b,35.30             SUNW,pci-ce/pci-bridge
PCI   8    B    5    33   33  2,0  ok    scsi-pci1000,b.7/disk (block)     device on pci-bridge  
PCI   8    B    5    33   33  2,1  ok    scsi-pci1000,b.7/disk (block)     device on pci-bridge  
PCI   8    A    0    66   66  1,0  ok    lpfc-pci10df,fa00/fp (fp)         LP10000DC             
PCI   8    A    0    66   66  1,1  ok    lpfc-pci10df,fa00/fp (fp)         LP10000DC             
PCI   8    A    1    66   66  2,0  ok    lpfc-pci10df,fa00/fp (fp)         LP10000DC             
PCI   8    A    1    66   66  2,1  ok    lpfc-pci10df,fa00/fp (fp)         LP10000DC             
*********====================*********
/usr/bin/ssh jainswor@#esptd9 "echo "B0b4f377" | sudo -P prtdiag"
(#esptd9):  ssh: Could not resolve hostname #esptd9: nodename nor servname provided, or not known
*********====================*********
/usr/bin/ssh jainswor@esptd10 "echo "B0b4f377" | sudo -P prtdiag"
(esptd10):  Sun Microsystems Inc.	SunOS 5.10	Generic	January 2005

     Authorized access for Verizon Business employees only


Password for jainswor@UU.NET: 
System Configuration:  Sun Microsystems  sun4u Sun Fire V490
System clock frequency: 150 MHz
Memory size: 16384 Megabytes

========================= CPUs ===============================================

          Run   E$  CPU     CPU  
Brd  CPU  MHz   MB  Impl.   Mask 
--- ----- ---- ---- ------- ---- 
 A  0, 16 1500 32.0 US-IV+   2.2
 B  1, 17 1500 32.0 US-IV+   2.2
 A  2, 18 1500 32.0 US-IV+   2.2
 B  3, 19 1500 32.0 US-IV+   2.2

========================= Memory Configuration ===============================

          Logical  Logical  Logical
     MC   Bank     Bank     Bank         DIMM    Interleave  Interleaved
Brd  ID   num      size     Status       Size    Factor      with
---  ---  ----     ------   -----------  ------  ----------  -----------
 A    0     0      1024MB   no_status     512MB     8-way        0
 A    0     1      1024MB   no_status     512MB     8-way        0
 A    0     2      1024MB   no_status     512MB     8-way        0
 A    0     3      1024MB   no_status     512MB     8-way        0
 A    2     0      1024MB   no_status     512MB     8-way        0
 A    2     1      1024MB   no_status     512MB     8-way        0
 A    2     2      1024MB   no_status     512MB     8-way        0
 A    2     3      1024MB   no_status     512MB     8-way        0
 B    1     0      1024MB   no_status     512MB     8-way        1
 B    1     1      1024MB   no_status     512MB     8-way        1
 B    1     2      1024MB   no_status     512MB     8-way        1
 B    1     3      1024MB   no_status     512MB     8-way        1
 B    3     0      1024MB   no_status     512MB     8-way        1
 B    3     1      1024MB   no_status     512MB     8-way        1
 B    3     2      1024MB   no_status     512MB     8-way        1
 B    3     3      1024MB   no_status     512MB     8-way        1

========================= IO Cards =========================

                    Bus  Max
 IO  Port Bus       Freq Bus  Dev,
Type  ID  Side Slot MHz  Freq Func State Name                              Model
---- ---- ---- ---- ---- ---- ---- ----- --------------------------------  ----------------------
PCI   8    B    5    33   33  5,0  ok    pci-pci8086,b154.0/network (netw+ PCI-BRIDGE            
PCI   8    B    5    33   33  0,0  ok    network-pci100b,35.30             SUNW,pci-ce/pci-bridge
PCI   8    B    5    33   33  1,0  ok    network-pci100b,35.30             SUNW,pci-ce/pci-bridge
PCI   8    B    5    33   33  2,0  ok    scsi-pci1000,b.7/disk (block)     device on pci-bridge  
PCI   8    B    5    33   33  2,1  ok    scsi-pci1000,b.7/disk (block)     device on pci-bridge  
PCI   8    A    0    66   66  1,0  ok    lpfc-pci10df,fa00/fp (fp)         LP10000DC             
PCI   8    A    0    66   66  1,1  ok    lpfc-pci10df,fa00/fp (fp)         LP10000DC             
PCI   8    A    1    66   66  2,0  ok    lpfc-pci10df,fa00/fp (fp)         LP10000DC             
PCI   8    A    1    66   66  2,1  ok    lpfc-pci10df,fa00/fp (fp)         LP10000DC             
*********====================*********
/usr/bin/ssh jainswor@esptd11 "echo "B0b4f377" | sudo -P prtdiag"
(esptd11):  Sun Microsystems Inc.	SunOS 5.10	Generic	January 2005

     Authorized access for Verizon Business employees only


Password for jainswor@UU.NET: 
System Configuration:  Sun Microsystems  sun4u Sun Fire V490
System clock frequency: 150 MHz
Memory size: 16384 Megabytes

========================= CPUs ===============================================

          Run   E$  CPU     CPU  
Brd  CPU  MHz   MB  Impl.   Mask 
--- ----- ---- ---- ------- ---- 
 A  0, 16 1500 32.0 US-IV+   2.2
 B  1, 17 1500 32.0 US-IV+   2.2
 A  2, 18 1500 32.0 US-IV+   2.2
 B  3, 19 1500 32.0 US-IV+   2.2

========================= Memory Configuration ===============================

          Logical  Logical  Logical
     MC   Bank     Bank     Bank         DIMM    Interleave  Interleaved
Brd  ID   num      size     Status       Size    Factor      with
---  ---  ----     ------   -----------  ------  ----------  -----------
 A    0     0      1024MB   no_status     512MB     8-way        0
 A    0     1      1024MB   no_status     512MB     8-way        0
 A    0     2      1024MB   no_status     512MB     8-way        0
 A    0     3      1024MB   no_status     512MB     8-way        0
 A    2     0      1024MB   no_status     512MB     8-way        0
 A    2     1      1024MB   no_status     512MB     8-way        0
 A    2     2      1024MB   no_status     512MB     8-way        0
 A    2     3      1024MB   no_status     512MB     8-way        0
 B    1     0      1024MB   no_status     512MB     8-way        1
 B    1     1      1024MB   no_status     512MB     8-way        1
 B    1     2      1024MB   no_status     512MB     8-way        1
 B    1     3      1024MB   no_status     512MB     8-way        1
 B    3     0      1024MB   no_status     512MB     8-way        1
 B    3     1      1024MB   no_status     512MB     8-way        1
 B    3     2      1024MB   no_status     512MB     8-way        1
 B    3     3      1024MB   no_status     512MB     8-way        1

========================= IO Cards =========================

                    Bus  Max
 IO  Port Bus       Freq Bus  Dev,
Type  ID  Side Slot MHz  Freq Func State Name                              Model
---- ---- ---- ---- ---- ---- ---- ----- --------------------------------  ----------------------
PCI   8    B    5    33   33  5,0  ok    pci-pci8086,b154.0/network (netw+ PCI-BRIDGE            
PCI   8    B    5    33   33  0,0  ok    network-pci100b,35.30             SUNW,pci-ce/pci-bridge
PCI   8    B    5    33   33  1,0  ok    network-pci100b,35.30             SUNW,pci-ce/pci-bridge
PCI   8    B    5    33   33  2,0  ok    scsi-pci1000,b.7/disk (block)     device on pci-bridge  
PCI   8    B    5    33   33  2,1  ok    scsi-pci1000,b.7/disk (block)     device on pci-bridge  
PCI   8    A    0    66   66  1,0  ok    lpfc-pci10df,fa00/fp (fp)         LP10000DC             
PCI   8    A    0    66   66  1,1  ok    lpfc-pci10df,fa00/fp (fp)         LP10000DC             
PCI   8    A    1    66   66  2,0  ok    lpfc-pci10df,fa00/fp (fp)         LP10000DC             
PCI   8    A    1    66   66  2,1  ok    lpfc-pci10df,fa00/fp (fp)         LP10000DC             
*********====================*********
